\BOOKMARK [0][-]{titlepage.0}{Title Page}{}% 1
\BOOKMARK [0][-]{Abstract.0}{Abstract}{}% 2
\BOOKMARK [0][-]{toc.0}{Table of Contents}{}% 3
\BOOKMARK [0][-]{section*.3}{List of Tables}{}% 4
\BOOKMARK [0][-]{section*.5}{List of Figures}{}% 5
\BOOKMARK [0][-]{chapter.1}{Chapter 1 \040 Introduction}{}% 6
\BOOKMARK [1][-]{section.1.1}{1.1 Gimbal Control}{chapter.1}% 7
\BOOKMARK [1][-]{section.1.2}{1.2 Autonomous Target Following System}{chapter.1}% 8
\BOOKMARK [1][-]{section.1.3}{1.3 Unit Vector UAV Control}{chapter.1}% 9
\BOOKMARK [0][-]{chapter.2}{Chapter 2 \040 Gimbal Control}{}% 10
\BOOKMARK [1][-]{section.2.1}{2.1 Angle Commanding Gimbal Control}{chapter.2}% 11
\BOOKMARK [2][-]{subsection.2.1.1}{2.1.1 Coordinate Frame Convention and Projective Camera Geometry}{section.2.1}% 12
\BOOKMARK [2][-]{subsection.2.1.2}{2.1.2 Derivation}{section.2.1}% 13
\BOOKMARK [2][-]{subsection.2.1.3}{2.1.3 Hardware Result}{section.2.1}% 14
\BOOKMARK [1][-]{section.2.2}{2.2 Angular Velocity Commanding Gimbal Control}{chapter.2}% 15
\BOOKMARK [2][-]{subsection.2.2.1}{2.2.1 Image Jacobian}{section.2.2}% 16
\BOOKMARK [2][-]{subsection.2.2.2}{2.2.2 Feedback Linearization-based Visual Pointing and Tracking}{section.2.2}% 17
\BOOKMARK [1][-]{section.2.3}{2.3 Adaptive Depth Gimbal Control}{chapter.2}% 18
\BOOKMARK [2][-]{subsection.2.3.1}{2.3.1 Introduction}{section.2.3}% 19
\BOOKMARK [2][-]{subsection.2.3.2}{2.3.2 Derivation}{section.2.3}% 20
\BOOKMARK [2][-]{subsection.2.3.3}{2.3.3 Simulation}{section.2.3}% 21
\BOOKMARK [2][-]{subsection.2.3.4}{2.3.4 Hardware}{section.2.3}% 22
\BOOKMARK [1][-]{section.2.4}{2.4 Conclusion}{chapter.2}% 23
\BOOKMARK [0][-]{chapter.3}{Chapter 3 \040 Autonomous Target Following System}{}% 24
\BOOKMARK [1][-]{section.3.1}{3.1 System Overview}{chapter.3}% 25
\BOOKMARK [1][-]{section.3.2}{3.2 Recursive-RANSAC Tracker}{chapter.3}% 26
\BOOKMARK [1][-]{section.3.3}{3.3 UAV Control}{chapter.3}% 27
\BOOKMARK [2][-]{subsection.3.3.1}{3.3.1 Coordinate Frame Convention}{section.3.3}% 28
\BOOKMARK [2][-]{subsection.3.3.2}{3.3.2 Forward and heading motion control}{section.3.3}% 29
\BOOKMARK [1][-]{section.3.4}{3.4 Experiments and Results}{chapter.3}% 30
\BOOKMARK [1][-]{section.3.5}{3.5 Conclusion}{chapter.3}% 31
\BOOKMARK [0][-]{chapter.4}{Chapter 4 \040 Advanced UAV Control}{}% 32
\BOOKMARK [1][-]{section.4.1}{4.1 Motivation}{chapter.4}% 33
\BOOKMARK [1][-]{section.4.2}{4.2 Controller Derivation for Simple UAV Dynamics}{chapter.4}% 34
\BOOKMARK [1][-]{section.4.3}{4.3 Backstepping Controller Derivation for Multirotor Dynamics}{chapter.4}% 35
\BOOKMARK [2][-]{subsection.4.3.1}{4.3.1 Derivation}{section.4.3}% 36
\BOOKMARK [2][-]{subsection.4.3.2}{4.3.2 Simulation}{section.4.3}% 37
\BOOKMARK [0][-]{section*.43}{References}{}% 38
